{"contracts\\BettingMarket.sol":{"l":{"44":11,"45":11,"51":7,"53":6,"54":6,"56":5,"65":5,"74":5,"78":5,"80":5,"81":5,"83":4,"84":4,"86":3,"87":3,"89":3,"90":2,"91":2,"93":2,"94":2,"97":3,"98":3,"102":0},"path":"D:\\sports-betting-oracle-system\\blockchain\\contracts\\BettingMarket.sol","s":{"1":11,"2":7,"3":6,"4":6,"5":5,"6":5,"7":5,"8":5,"9":4,"10":4,"11":3,"12":3,"13":3,"14":2,"15":2,"16":2,"17":3,"18":0},"b":{"1":[11,0],"2":[6,1],"3":[5,1],"4":[5,0],"5":[4,1],"6":[3,1],"7":[2,1],"8":[2,0],"9":[2,0]},"f":{"1":11,"2":7,"3":5,"4":0},"fnMap":{"1":{"name":"constructor","line":43,"loc":{"start":{"line":43,"column":4},"end":{"line":46,"column":4}}},"2":{"name":"placeBet","line":50,"loc":{"start":{"line":50,"column":4},"end":{"line":75,"column":4}}},"3":{"name":"settleBet","line":77,"loc":{"start":{"line":77,"column":4},"end":{"line":99,"column":4}}},"4":{"name":"getBet","line":101,"loc":{"start":{"line":101,"column":4},"end":{"line":103,"column":4}}}},"statementMap":{"1":{"start":{"line":44,"column":8},"end":{"line":44,"column":69}},"2":{"start":{"line":51,"column":8},"end":{"line":51,"column":66}},"3":{"start":{"line":53,"column":8},"end":{"line":53,"column":67}},"4":{"start":{"line":54,"column":8},"end":{"line":54,"column":53}},"5":{"start":{"line":65,"column":8},"end":{"line":65,"column":1731}},"6":{"start":{"line":78,"column":8},"end":{"line":78,"column":37}},"7":{"start":{"line":80,"column":8},"end":{"line":80,"column":62}},"8":{"start":{"line":81,"column":8},"end":{"line":81,"column":51}},"9":{"start":{"line":83,"column":8},"end":{"line":83,"column":95}},"10":{"start":{"line":84,"column":8},"end":{"line":84,"column":48}},"11":{"start":{"line":86,"column":8},"end":{"line":86,"column":52}},"12":{"start":{"line":87,"column":8},"end":{"line":87,"column":26}},"13":{"start":{"line":89,"column":8},"end":{"line":89,"column":2400}},"14":{"start":{"line":91,"column":12},"end":{"line":91,"column":84}},"15":{"start":{"line":93,"column":12},"end":{"line":93,"column":74}},"16":{"start":{"line":94,"column":12},"end":{"line":94,"column":53}},"17":{"start":{"line":98,"column":8},"end":{"line":98,"column":69}},"18":{"start":{"line":102,"column":8},"end":{"line":102,"column":26}}},"branchMap":{"1":{"line":44,"type":"if","locations":[{"start":{"line":44,"column":8},"end":{"line":44,"column":8}},{"start":{"line":44,"column":8},"end":{"line":44,"column":8}}]},"2":{"line":51,"type":"if","locations":[{"start":{"line":51,"column":8},"end":{"line":51,"column":8}},{"start":{"line":51,"column":8},"end":{"line":51,"column":8}}]},"3":{"line":54,"type":"if","locations":[{"start":{"line":54,"column":8},"end":{"line":54,"column":8}},{"start":{"line":54,"column":8},"end":{"line":54,"column":8}}]},"4":{"line":80,"type":"if","locations":[{"start":{"line":80,"column":8},"end":{"line":80,"column":8}},{"start":{"line":80,"column":8},"end":{"line":80,"column":8}}]},"5":{"line":81,"type":"if","locations":[{"start":{"line":81,"column":8},"end":{"line":81,"column":8}},{"start":{"line":81,"column":8},"end":{"line":81,"column":8}}]},"6":{"line":84,"type":"if","locations":[{"start":{"line":84,"column":8},"end":{"line":84,"column":8}},{"start":{"line":84,"column":8},"end":{"line":84,"column":8}}]},"7":{"line":89,"type":"if","locations":[{"start":{"line":89,"column":8},"end":{"line":89,"column":8}},{"start":{"line":89,"column":8},"end":{"line":89,"column":8}}]},"8":{"line":91,"type":"if","locations":[{"start":{"line":91,"column":12},"end":{"line":91,"column":12}},{"start":{"line":91,"column":12},"end":{"line":91,"column":12}}]},"9":{"line":94,"type":"if","locations":[{"start":{"line":94,"column":12},"end":{"line":94,"column":12}},{"start":{"line":94,"column":12},"end":{"line":94,"column":12}}]}}},"contracts\\SportsOracle.sol":{"l":{"19":14,"20":13,"24":11,"25":11,"29":0,"30":0,"31":0,"32":0,"40":7,"41":7,"43":6,"44":6,"48":6,"49":6,"51":6,"52":6},"path":"D:\\sports-betting-oracle-system\\blockchain\\contracts\\SportsOracle.sol","s":{"1":14,"2":11,"3":0,"4":0,"5":0,"6":7,"7":7,"8":6,"9":6,"10":6,"11":6},"b":{"1":[13,1],"2":[11,0],"3":[0,0],"4":[0,0],"5":[7,1],"6":[6,1],"7":[6,0],"8":[6,0]},"f":{"1":14,"2":11,"3":0,"4":7,"5":6},"fnMap":{"1":{"name":"onlyOracle","line":18,"loc":{"start":{"line":18,"column":4},"end":{"line":21,"column":4}}},"2":{"name":"constructor","line":23,"loc":{"start":{"line":23,"column":4},"end":{"line":26,"column":4}}},"3":{"name":"setOracleAddress","line":28,"loc":{"start":{"line":28,"column":4},"end":{"line":33,"column":4}}},"4":{"name":"submitPlayerData","line":39,"loc":{"start":{"line":35,"column":4},"end":{"line":45,"column":4}}},"5":{"name":"finalizeMatch","line":47,"loc":{"start":{"line":47,"column":4},"end":{"line":53,"column":4}}}},"statementMap":{"1":{"start":{"line":19,"column":8},"end":{"line":19,"column":67}},"2":{"start":{"line":24,"column":8},"end":{"line":24,"column":69}},"3":{"start":{"line":29,"column":8},"end":{"line":29,"column":65}},"4":{"start":{"line":30,"column":8},"end":{"line":30,"column":41}},"5":{"start":{"line":32,"column":8},"end":{"line":32,"column":55}},"6":{"start":{"line":40,"column":8},"end":{"line":40,"column":79}},"7":{"start":{"line":41,"column":8},"end":{"line":41,"column":71}},"8":{"start":{"line":44,"column":8},"end":{"line":44,"column":45}},"9":{"start":{"line":48,"column":8},"end":{"line":48,"column":79}},"10":{"start":{"line":49,"column":8},"end":{"line":49,"column":71}},"11":{"start":{"line":52,"column":8},"end":{"line":52,"column":45}}},"branchMap":{"1":{"line":19,"type":"if","locations":[{"start":{"line":19,"column":8},"end":{"line":19,"column":8}},{"start":{"line":19,"column":8},"end":{"line":19,"column":8}}]},"2":{"line":24,"type":"if","locations":[{"start":{"line":24,"column":8},"end":{"line":24,"column":8}},{"start":{"line":24,"column":8},"end":{"line":24,"column":8}}]},"3":{"line":28,"type":"if","locations":[{"start":{"line":28,"column":58},"end":{"line":28,"column":58}},{"start":{"line":28,"column":58},"end":{"line":28,"column":58}}]},"4":{"line":29,"type":"if","locations":[{"start":{"line":29,"column":8},"end":{"line":29,"column":8}},{"start":{"line":29,"column":8},"end":{"line":29,"column":8}}]},"5":{"line":39,"type":"if","locations":[{"start":{"line":39,"column":15},"end":{"line":39,"column":15}},{"start":{"line":39,"column":15},"end":{"line":39,"column":15}}]},"6":{"line":41,"type":"if","locations":[{"start":{"line":41,"column":8},"end":{"line":41,"column":8}},{"start":{"line":41,"column":8},"end":{"line":41,"column":8}}]},"7":{"line":47,"type":"if","locations":[{"start":{"line":47,"column":71},"end":{"line":47,"column":71}},{"start":{"line":47,"column":71},"end":{"line":47,"column":71}}]},"8":{"line":49,"type":"if","locations":[{"start":{"line":49,"column":8},"end":{"line":49,"column":8}},{"start":{"line":49,"column":8},"end":{"line":49,"column":8}}]}}}}